<?xml version="1.0" encoding="UTF-8"?>
<!-- Generated by org.testng.reporters.JUnitXMLReporter -->
<testsuite ignored="0" hostname="DESKTOP-D1JP042" failures="1" tests="18" name="Test" time="130.399" errors="0" timestamp="2023-10-27T01:11:56 EDT">
  <testcase classname="com.automation.bootcamp.TestCases.LoginTest" name="verifyLoginWithValidLoginCredentials" time="1.156"/>
  <testcase classname="com.automation.bootcamp.TestCases.LoginTest" name="verifyLoginWithValidLoginCredentials" time="1.105"/>
  <testcase classname="com.automation.bootcamp.TestCases.LoginTest" name="verifyLoginWithValidLoginCredentials" time="1.126"/>
  <testcase classname="com.automation.bootcamp.TestCases.LoginTest" name="verifyLoginWithValidLoginCredentials" time="1.074"/>
  <testcase classname="com.automation.bootcamp.TestCases.LoginTest" name="verifyLoginWithValidLoginCredentials" time="1.023"/>
  <testcase classname="com.automation.bootcamp.TestCases.LoginTest" name="verifyLoginWithValidLoginCredentials" time="1.103"/>
  <testcase classname="com.automation.bootcamp.TestCases.LoginTest" name="verifyLoginWithValidLoginCredentials" time="1.013"/>
  <testcase classname="com.automation.bootcamp.TestCases.LoginTest" name="verifyLoginWithValidEmailInvalidPassword" time="0.766"/>
  <testcase classname="com.automation.bootcamp.TestCases.LoginTest" name="verifyLoginWithInvalidEmailValidPassword" time="0.81"/>
  <testcase classname="com.automation.bootcamp.TestCases.LoginTest" name="verifyLoginWithInvalidCredentials" time="0.853"/>
  <testcase classname="com.automation.bootcamp.TestCases.LoginTest" name="verifyLoginWithNoCredentials" time="0.553"/>
  <testcase classname="com.automation.bootcamp.TestCases.RegisterTest" name="verifyRegisterWithMandatoryDetails" time="1.634"/>
  <testcase classname="com.automation.bootcamp.TestCases.RegisterTest" name="verifyRegisterWithAllDetails" time="1.685"/>
  <testcase classname="com.automation.bootcamp.TestCases.RegisterTest" name="verifyRegisterWithExistingEmail" time="1.298"/>
  <testcase classname="com.automation.bootcamp.TestCases.RegisterTest" name="verifyRegisterWithNoDetails" time="0.654"/>
  <testcase classname="com.automation.bootcamp.TestCases.SearchProductTest" name="verifySearchWithValidProduct" time="1.425"/>
  <testcase classname="com.automation.bootcamp.TestCases.SearchProductTest" name="verifySearchWithInalidProduct" time="1.412">
    <failure type="java.lang.AssertionError" message="expected [false] but found [true]">
      <![CDATA[java.lang.AssertionError: expected [false] but found [true]
at com.automation.bootcamp.TestCases.SearchProductTest.verifySearchWithInalidProduct(SearchProductTest.java:41)
at java.base/java.util.ArrayList.forEach(ArrayList.java:1511)
... Removed 31 stack frames]]>
    </failure>
  </testcase> <!-- verifySearchWithInalidProduct -->
  <testcase classname="com.automation.bootcamp.TestCases.SearchProductTest" name="verifySearchWithNoProduct" time="0.0">
    <skipped/>
  </testcase> <!-- verifySearchWithNoProduct -->
</testsuite> <!-- Test -->
